2019-10-31T13:46:20 [remove_taglist.sh 38]: Removing log/20191031.log

2019-10-31T13:46:21 [C:\Users\kimura-chikako\batch\test\create_vari_tags.sh 64]: [タグリスト 36f7c15] タグリスト_ttt
 1 file changed, 7 deletions(-)
 delete mode 100644 "release_conf/taglist/\343\202\277\343\202\260\343\203\252\343\202\271\343\203\210.csv"

2019-10-31T13:46:22 [C:\Users\kimura-chikako\batch\test\create_vari_tags.sh 66]: 
2019-10-31T13:46:23 [C:\Users\kimura-chikako\batch\test\create_vari_tags.sh 68]: Switched to branch 'release'

2019-10-31T13:46:24 [C:\Users\kimura-chikako\batch\test\create_vari_tags.sh 70]: Deleted branch タグリスト (was 36f7c15).

2019-10-31T14:24:19 [C:\Users\kimura-chikako\batch\test\create_vari_tags.sh 34]: Start: C:\Users\kimura-chikako\batch\test\create_vari_tags.sh aaa

2019-10-31T14:24:20 [C:\Users\kimura-chikako\batch\test\create_vari_tags.sh 45]: M	log/20191031.log
Switched to a new branch 'タグリスト'

2019-10-31T14:24:21 [conv_csv_to_tsv.sh 34]: Start: conv_csv_to_tsv.sh

2019-10-31T14:24:22 [C:\Users\kimura-chikako\batch\test\create_vari_tags.sh 54]: rm 'ECU/.gitkeep'

2019-10-31T14:24:23 [C:\Users\kimura-chikako\batch\test\create_vari_tags.sh 55]: 
2019-10-31T14:24:24 [C:\Users\kimura-chikako\batch\test\create_vari_tags.sh 54]: rm 'SRV/.gitkeep'

2019-10-31T14:24:25 [C:\Users\kimura-chikako\batch\test\create_vari_tags.sh 55]: 
2019-10-31T14:24:25 [C:\Users\kimura-chikako\batch\test\create_vari_tags.sh 54]: rm 'ACC/ACC仕様書1.docx'
rm 'ACC/ACC仕様書2.docx'
rm 'ACC/ACC仕様書3.docx'
rm 'ACC/ACC仕様書4.docx'

2019-10-31T14:24:26 [C:\Users\kimura-chikako\batch\test\create_vari_tags.sh 55]: 
2019-10-31T14:24:27 [C:\Users\kimura-chikako\batch\test\create_vari_tags.sh 54]: rm 'ACC/ACC仕様書1.docx'
rm 'ACC/ACC仕様書2.docx'
rm 'ACC/ACC仕様書3.docx'
rm 'ACC/ACC仕様書4.docx'

2019-10-31T14:24:28 [C:\Users\kimura-chikako\batch\test\create_vari_tags.sh 55]: 
2019-10-31T14:24:29 [create_vari_fileset.sh 38]: Start: create_vari_fileset.sh C:/Users/kimura-chikako/batch/test/release_conf/taglist/タグリスト.csv

2019-10-31T14:24:31 [conv_csv_to_tsv.sh 34]: Start: conv_csv_to_tsv.sh

2019-10-31T14:24:32 [partial_checkout.sh 34]: Start: partial_checkout.sh ECU ECU_variation_C_work

2019-10-31T14:24:33 [partial_checkout.sh 41]: 
2019-10-31T14:24:35 [partial_checkout.sh 34]: Start: partial_checkout.sh SRV SRV_variation_C_work

2019-10-31T14:24:35 [partial_checkout.sh 41]: 
2019-10-31T14:24:37 [partial_checkout.sh 34]: Start: partial_checkout.sh ACC ACC_variation_C_1_workA

2019-10-31T14:24:38 [partial_checkout.sh 41]: [タグリスト 6663b2a] ACC_variation_C_1_workA
 Date: Wed Oct 30 18:26:42 2019 +0900
 1 file changed, 0 insertions(+), 0 deletions(-)
 delete mode 100644 ACC/ACC仕様書1.docx

2019-10-31T14:24:39 [partial_checkout.sh 34]: Start: partial_checkout.sh ACC ACC_variation_C_1_workB

2019-10-31T14:24:40 [partial_checkout.sh 41]: [タグリスト b1cd5a8] ACC_variation_C_1_workB
 Date: Wed Oct 30 18:38:16 2019 +0900
 1 file changed, 0 insertions(+), 0 deletions(-)
 delete mode 100644 ACC/ACC仕様書3.docx

2019-10-31T14:24:41 [remove_private.sh 33]: Start: remove_private.sh

2019-10-31T14:24:42 [remove_private.sh 36]: 
2019-10-31T14:24:43 [remove_private.sh 38]: 
2019-10-31T14:24:45 [remove_taglist.sh 33]: Start: remove_taglist.sh

2019-10-31T14:24:45 [remove_taglist.sh 36]: rm 'release_conf/taglist/タグリスト.csv'

2019-10-31T14:24:46 [remove_taglist.sh 38]: 
